bartholomaee                     ========   UNKNOWN    
bartholomaei                     ========   UNKNOWN    
bernarde                         ========   UNKNOWN    
bernardum                        ========   UNKNOWN    
bersabee                         ========   UNKNOWN    
bethlem                          ========   UNKNOWN    
beelphegor                       ========   UNKNOWN    
birgittae                        ========   UNKNOWN    
blasii                           ========   UNKNOWN    
bohemos                          ========   UNKNOWN    
brunonis                         ========   UNKNOWN    
barnaba                          ========   UNKNOWN    
benjamin                         ========   UNKNOWN    
bethlehem                        ========   UNKNOWN    
capharnaum                       ========   UNKNOWN    
catharina                        ========   UNKNOWN    
catharinae                       ========   UNKNOWN    
catastrophen                     ========   UNKNOWN    
cham                             ========   UNKNOWN    
choir                            ========   UNKNOWN    
chrysogoni                       ========   UNKNOWN    
chrysostomi                      ========   UNKNOWN    
cosma                            ========   UNKNOWN    
cyrenensium                      ========   UNKNOWN    
gabrielis                        ========   UNKNOWN    
gebal                            ========   UNKNOWN    
gelboe                           ========   UNKNOWN    
gihon                            ========   UNKNOWN    
gorgonius                        ========   UNKNOWN    
gabriel                          ========   UNKNOWN    
galaad                           ========   UNKNOWN    
hedwigem                         ========   UNKNOWN    
henricum                         ========   UNKNOWN    
hermon                           ========   UNKNOWN    
hermetem                         ========   UNKNOWN    
hermoniim                        ========   UNKNOWN    
herodiadem                       ========   UNKNOWN    
hyginum                          ========   UNKNOWN    
immoderantiam                    ========   UNKNOWN    
jabin                            ========   UNKNOWN    
jacobe                           ========   UNKNOWN    
jerosolymam                      ========   UNKNOWN    
jerosolymis                      ========   UNKNOWN    
jersusalem                       ========   UNKNOWN    
jesse                            ========   UNKNOWN    
joas                             ========   UNKNOWN    
job                              ========   UNKNOWN    
jordane                          ========   UNKNOWN    
jordanis                         ========   UNKNOWN    
joseph                           ========   UNKNOWN    
josephi                          ========   UNKNOWN    
josephum                         ========   UNKNOWN    
joannam                          ========   UNKNOWN    
jericho                          ========   UNKNOWN    
joachim                          ========   UNKNOWN    
jojada                           ========   UNKNOWN    
jonathas                         ========   UNKNOWN    
josaphat                         ========   UNKNOWN    
laurenti                         ========   UNKNOWN    
lot                              ========   UNKNOWN    
laquem                           ========   UNKNOWN    
lazaro                           ========   UNKNOWN    
lazarum                          ========   UNKNOWN    
lazarus                          ========   UNKNOWN    
sabbae                           ========   UNKNOWN    
sabaei                           ========   UNKNOWN    
sadoc                            ========   UNKNOWN    
saram                            ========   UNKNOWN    
slavis                           ========   UNKNOWN    
slavoniae                        ========   UNKNOWN    
slavisque                        ========   UNKNOWN    
slavicas                         ========   UNKNOWN    
slavicae                         ========   UNKNOWN    
stephane                         ========   UNKNOWN    
stephano                         ========   UNKNOWN    
stephanum                        ========   UNKNOWN    
stephanus                        ========   UNKNOWN    
symphoriano                      ========   UNKNOWN    
symphorosae                      ========   UNKNOWN    
samuel                           ========   UNKNOWN    
sergii                           ========   UNKNOWN    
sichimam                         ========   UNKNOWN    
sinai                            ========   UNKNOWN    
solymas                          ========   UNKNOWN    
wenceslaum                       ========   UNKNOWN    
zachaee                          ========   UNKNOWN    
zeb                              ========   UNKNOWN    
zabulon                          ========   UNKNOWN    
zebee                            ========   UNKNOWN    
abraham                          ========   UNKNOWN    
ephraim                          ========   UNKNOWN    
ephrata                          ========   UNKNOWN    
