-argdo %s/ADJUVA/ÁDJUVA/g |w
-argdo %s/APERI/ÁPERI/g |w
-argdo %s/Abrahæ/Ábrahæ/g |w
argdo %s/Adhæreat/Adhǽreat/g |w
argdo %s/Adhæsi/Adhǽsi/g |w
argdo %s/Adhæsit/Adhǽsit/g |w
argdo %s/Adventus/Advéntus/g |w
argdo %s/Agathæ/Ágathæ/g |w
argdo %s/Agmina/Ágmina/g |w
argdo %s/Alia/Ália/g |w
argdo %s/Alias/Álias/g |w
argdo %s/Amplius/Ámplius/g |w
argdo %s/Andreas/Andréas/g |w
argdo %s/Angeli/Ángeli/g |w
argdo %s/Angelis/Ángelis/g |w
argdo %s/Angelo/Ángelo/g |w
argdo %s/Angelos/Ángelos/g |w
argdo %s/Angelum/Ángelum/g |w
argdo %s/Angelus/Ángelus/g |w
argdo %s/Anima/Ánima/g |w
argdo %s/Annue/Ánnue/g |w
argdo %s/Aperis/Áperis/g |w
argdo %s/Aruit/Áruit/g |w
argdo %s/Asia/Ásia/g |w
argdo %s/Audiam/Áudiam/g |w
argdo %s/Audient/Áudient/g |w
argdo %s/Bartholomæe/Bartholomǽe/g |w
argdo %s/Bartholomæi/Bartholomǽi/g |w
argdo %s/Castæque/Castǽque/g |w
argdo %s/Chananæa/Chananǽa/g |w
argdo %s/Creator/Creátor/g |w
argdo %s/Curæque/Curǽque/g |w
argdo %s/Cælitum/Cǽlitum/g |w
argdo %s/Cælitus/Cǽlitus/g |w
argdo %s/Cæsari/Cǽsari/g |w
argdo %s/Cæsaris/Cǽsaris/g |w
argdo %s/Dextræque/Dextrǽque/g |w
argdo %s/Dicitur/Dícitur/g |w
argdo %s/Domini/Dómini/g |w
argdo %s/Dominicæ/Domínicæ/g |w
argdo %s/EXCITA/ÉXCITA/g |w
argdo %s/Eheu/Éheu/g |w
argdo %s/Eliam/Elíam/g |w
argdo %s/Eripe/Éripe/g |w
argdo %s/Erue/Érue/g |w
argdo %s/Euge/Éuge/g |w
argdo %s/Excita/Éxcita/g |w
argdo %s/Exiit/Éxiit/g |w
argdo %s/GRATIA/GRÁTIA/g |w
argdo %s/Galilæa/Galilǽa/g |w
argdo %s/Galilæam/Galilǽam/g |w
argdo %s/Galilæi/Galilǽi/g |w
argdo %s/Galilææ/Galilǽæ/g |w
argdo %s/Gaudium/Gáudium/g |w
argdo %s/Gratia/Grátia/g |w
argdo %s/Gratias/Grátias/g |w
argdo %s/Hebdomadæ/Hebdómadæ/g |w
argdo %s/Hæccine/Hǽccine/g |w
argdo %s/ITAQUE/ÍTAQUE/g |w
argdo %s/Ideo/Ídeo/g |w
argdo %s/Idumæam/Idumǽam/g |w
argdo %s/Impleat/Ímpleat/g |w
argdo %s/Induit/Índuit/g |w
argdo %s/Ingressa/Ingréssa/g |w
argdo %s/Invitatorii/Invitatórii/g |w
argdo %s/Invitatorium/Invitatórium/g |w
argdo %s/Irruat/Írruat/g |w
argdo %s/JUDÆI/JUDǼI/g |w
argdo %s/Judæa/Judǽa/g |w
argdo %s/Judæi/Judǽi/g |w
argdo %s/Judæos/Judǽos/g |w
argdo %s/Luciæ/Lúciæ/g |w
argdo %s/Magdalenæ/Magdalénæ/g |w
argdo %s/Martinæ/Martínæ/g |w
argdo %s/Matthæe/Matthǽe/g |w
argdo %s/Matthæi/Matthǽi/g |w
argdo %s/OMNIA/ÓMNIA/g |w
argdo %s/ORIENS/ÓRIENS/g |w
argdo %s/Oculi/Óculi/g |w
argdo %s/Oculis/Óculis/g |w
argdo %s/Officiant/Offíciant/g |w
argdo %s/Oleum/Óleum/g |w
argdo %s/Omnia/Ómnia/g |w
argdo %s/Orante/Oránte/g |w
argdo %s/Oremus/Orémus/g |w
argdo %s/Oriens/Óriens/g |w
argdo %s/Paschatis/Paschátis/g |w
argdo %s/Pentecostes/Pentecóstes/g |w
argdo %s/Philisthæum/Philisthǽum/g |w
argdo %s/Prophetæ/Prophétæ/g |w
argdo %s/Præcinxit/Præcínxit/g |w
argdo %s/Prædicator/Prædicátor/g |w
argdo %s/Præparans/Prǽparans/g |w
argdo %s/Præsides/Prǽsides/g |w
argdo %s/Præsulum/Prǽsulum/g |w
argdo %s/Pueri/Púeri/g |w
argdo %s/Puerum/Púerum/g |w
argdo %s/QUÆRITE/QUǼRITE/g |w
argdo %s/QUÆSUMUS/QUǼSUMUS/g |w
argdo %s/Quærite/Quǽrite/g |w
argdo %s/Quæsumus/Quǽsumus/g |w
argdo %s/Repetitur/Repétitur/g |w
argdo %s/Rosarii/Rosárii/g |w
argdo %s/Sabæi/Sabǽi/g |w
argdo %s/Scripturæ/Scriptúræ/g |w
argdo %s/Sidereæque/Sidereǽque/g |w
argdo %s/Simeon/Símeon/g |w
argdo %s/Slavoniæ/Slavóniæ/g |w
argdo %s/Sponsæque/Sponsǽque/g |w
argdo %s/Symphorosæ/Symphorósæ/g |w
argdo %s/Thaddæe/Thaddǽe/g |w
argdo %s/Trophæa/Trophǽa/g |w
argdo %s/Ultio/Últio/g |w
argdo %s/Unaque/Unáque/g |w
argdo %s/Unice/Únice/g |w
argdo %s/Unitas/Únitas/g |w
argdo %s/Ursulæ/Úrsulæ/g |w
argdo %s/Usquequo/Úsquequo/g |w
argdo %s/Vacante/Vacánte/g |w
argdo %s/Zachæe/Zachǽe/g |w
argdo %s/adhæret/adhǽret/g |w
argdo %s/adhæsit/adhǽsit/g |w
argdo %s/altera/áltera/g |w
argdo %s/angustiæ/angústiæ/g |w
argdo %s/annua/ánnua/g |w
argdo %s/augeat/áugeat/g |w
argdo %s/celebremus/celebrémus/g |w
argdo %s/congrua/cóngrua/g |w
argdo %s/conveniens/convéniens/g |w
argdo %s/cæcitas/cǽcitas/g |w
argdo %s/cælestem/cæléstem/g |w
argdo %s/cælicum/cǽlicum/g |w
argdo %s/cælites/cǽlites/g |w
argdo %s/cælitum/cǽlitum/g |w
argdo %s/cælitus/cǽlitus/g |w
argdo %s/cœtui/cóetui/g |w
argdo %s/deinque/deínque/g |w
argdo %s/deleas/déleas/g |w
argdo %s/dicitur/dícitur/g |w
argdo %s/dominica/domínica/g |w
argdo %s/dominicam/domínicam/g |w
argdo %s/duobus/duóbus/g |w
argdo %s/dæmonis/dǽmonis/g |w
argdo %s/dæmonum/dǽmonum/g |w
argdo %s/erue/érue/g |w
argdo %s/eruis/éruis/g |w
argdo %s/euge/éuge/g |w
argdo %s/exempla/exémpla/g |w
argdo %s/faciat/fáciat/g |w
argdo %s/februarii/februárii/g |w
argdo %s/feriam/fériam/g |w
argdo %s/filia/fília/g |w
argdo %s/filias/fílias/g |w
argdo %s/fortia/fórtia/g |w
argdo %s/fuisti/fuísti/g |w
argdo %s/fœdera/fóedera/g |w
argdo %s/fœdere/fóedere/g |w
argdo %s/fœderis/fóederis/g |w
argdo %s/fœtidum/fóetidum/g |w
argdo %s/gaudia/gáudia/g |w
argdo %s/genitæque/genitǽque/g |w
argdo %s/genuflectitur/genufléctitur/g |w
argdo %s/gratiæ/grátiæ/g |w
argdo %s/habeo/hábeo/g |w
argdo %s/ideo/ídeo/g |w
argdo %s/illæsi/illǽsi/g |w
argdo %s/impletæ/implétæ/g |w
argdo %s/inclusive/inclusíve/g |w
argdo %s/integrum/íntegrum/g |w
argdo %s/luceat/lúceat/g |w
argdo %s/lætificas/lætíficas/g |w
argdo %s/mortua/mórtua/g |w
argdo %s/octavam/octávam/g |w
argdo %s/percute/pércute/g |w
argdo %s/pharisæi/pharisǽi/g |w
argdo %s/propriæ/própriæ/g |w
argdo %s/præbeat/prǽbeat/g |w
argdo %s/præcinit/prǽcinit/g |w
argdo %s/præcipis/prǽcipis/g |w
argdo %s/præconio/præcónio/g |w
argdo %s/prædia/prǽdia/g |w
argdo %s/prædicans/prǽdicans/g |w
argdo %s/prædicant/prǽdicant/g |w
argdo %s/prædicat/prǽdicat/g |w
argdo %s/prædicator/prædicátor/g |w
argdo %s/prædocet/prǽdocet/g |w
argdo %s/prælia/prǽlia/g |w
argdo %s/prælio/prǽlio/g |w
argdo %s/prælium/prǽlium/g |w
argdo %s/præmia/prǽmia/g |w
argdo %s/præmio/prǽmio/g |w
argdo %s/præmium/prǽmium/g |w
argdo %s/præparas/prǽparas/g |w
argdo %s/prærogativa/prærogatíva/g |w
argdo %s/præsentari/præsentári/g |w
argdo %s/præsides/prǽsides/g |w
argdo %s/præsidiis/præsídiis/g |w
argdo %s/præstare/præstáre/g |w
argdo %s/præstito/prǽstito/g |w
argdo %s/præsulum/prǽsulum/g |w
argdo %s/præteritur/prætéritur/g |w
argdo %s/prætulit/prǽtulit/g |w
argdo %s/prævia/prǽvia/g |w
argdo %s/præviam/prǽviam/g |w
argdo %s/prævio/prǽvio/g |w
argdo %s/prævisa/prævísa/g |w
argdo %s/prævius/prǽvius/g |w
argdo %s/quærere/quǽrere/g |w
argdo %s/quærimus/quǽrimus/g |w
argdo %s/quærite/quǽrite/g |w
argdo %s/quæritis/quǽritis/g |w
argdo %s/quæritur/quǽritur/g |w
argdo %s/quæsumus/quǽsumus/g |w
argdo %s/recitatur/recitátur/g |w
argdo %s/regium/régium/g |w
argdo %s/repetitur/repétitur/g |w
argdo %s/reverentia/reveréntia/g |w
argdo %s/sabbato/sábbato/g |w
argdo %s/sanctior/sánctior/g |w
argdo %s/secreto/secréto/g |w
argdo %s/socius/sócius/g |w
argdo %s/solium/sólium/g |w
argdo %s/sæcula/sǽcula/g |w
argdo %s/sæculi/sǽculi/g |w
argdo %s/sæculis/sǽculis/g |w
argdo %s/sæculo/sǽculo/g |w
argdo %s/sæculum/sǽculum/g |w
argdo %s/sævaque/sæváque/g |w
argdo %s/teneo/téneo/g |w
argdo %s/tædio/tǽdio/g |w
argdo %s/tædium/tǽdium/g |w
argdo %s/vacua/vácua/g |w
argdo %s/veprium/véprium/g |w
argdo %s/ÆMULOR/ǼMULOR/g |w
argdo %s/Æquitas/ǽquitas/g |w
argdo %s/æmula/ǽmula/g |w
argdo %s/æmulas/ǽmulas/g |w
argdo %s/æmuli/ǽmuli/g |w
argdo %s/æmulis/ǽmulis/g |w
argdo %s/æqualem/æquálem/g |w
argdo %s/æquitas/ǽquitas/g |w
argdo %s/æquora/æquóra/g |w
argdo %s/æreas/ǽreas/g |w
argdo %s/æreum/ǽreum/g |w
