n.obis               PRON   5 3 DAT P C                 
n.obis               PRON   5 3 ABL P C                 
 [XXXAX]  
we (pl.), us;

ades.to              V      7 3 FUT  ACTIVE  IMP 2 S      Early   
ades.to              V      7 3 FUT  ACTIVE  IMP 3 S      Early   
adedo, adesse, -, -  V TRANS   [XXXCO]  
eat up, eat into/away at, nibble, squander; wear down, exhaust; erode;
ad.esto              V      5 1 FUT  ACTIVE  IMP 2 S    
ad.esto              V      5 1 FUT  ACTIVE  IMP 3 S    
adsum, adesse, adfui, adfuturus  V   [XXXAO]  
adsum, adesse, arfui, arfuturus  V   [BXXCS]    Early
assum, adesse, affui, affuturus  V   [XXXAO]  
be near, be present, be in attendance, arrive, appear; aid (w/DAT);

archangel.e          N      2 1 VOC S M                 
archangelus, archangeli  N (2nd) M   [EEXDX]    Later  lesser
archangel;

de.i                 N      2 1 GEN S M                 
de.i                 N      2 1 LOC S M                 
de.i                 N      2 1 NOM P M                 
de.i                 N      2 1 VOC P M                 
Deus, Dei  N (2nd) M   [XEXAO]  
God (Christian text); god; divine essence/being, supreme being; statue of god;

medel.am             N      1 1 ACC S F                 
medela, medelae  N (1st) F   [XBXCO]  
cure, remedial treatment; healing, healing power (Sax); health;

denot.ans            VPAR   1 1 NOM S X PRES ACTIVE  PPL
denot.ans            VPAR   1 1 VOC S X PRES ACTIVE  PPL
denot.ans            VPAR   1 1 ACC S N PRES ACTIVE  PPL
denoto, denotare, denotavi, denotatus  V (1st) TRANS   [XXXCO]  
mark (down); lay on (color); observe; indicate/point out; imply; brand; censure;

morb.os              N      2 1 ACC P M                 
morbus, morbi  N (2nd) M   [XXXAX]  
sickness, illness, weakness; disease; distemper; distress; vice;
*
repell.e             V      3 1 PRES ACTIVE  IMP 2 S    
repello, repellere, reppuli, repulsus  V (3rd) TRANS   [XXXAO]  
repello, repellere, repuli, repulsus  V (3rd) TRANS   [EXXDO]    Later  lesser
drive/push/thrust back/away; repel/rebuff/spurn; fend off; exclude/bar; refute;

corpor.um            N      3 2 GEN P N                 
corpus, corporis  N (3rd) N   [XXXAO]  
body; person, self; virility; flesh; corpse; trunk; frame(work); collection/sum;
substantial/material/concrete object/body; particle/atom; corporation, guild;

aff.er               V      1 1 PRES         SUB 1 S    
affor, affari, affatus sum  V (1st) DEP   [XXXCO]  
speak to, address; be spoked to/addressed (PASS), be decreed by fate;
affer                V      3 2 PRES ACTIVE  IMP 2 S    
affero, afferre, attuli, allatus  V TRANS   [XXXAO]  
bring to (word/food), carry, convey; report, allege, announce; produce, cause;

salut.em             N      3 1 ACC S F                 
salus, salutis  N (3rd) F   [XXXAX]  
health; prosperity; good wish; greeting; salvation, safety;
salut.em             V      1 1 PRES ACTIVE  SUB 1 S    
saluto, salutare, salutavi, salutatus  V (1st)   [XXXBX]  
greet; wish well; visit; hail, salute;

ment.ibus            N      3 3 LOC P F                 
ment.ibus            N      3 3 DAT P F                 
ment.ibus            N      3 3 ABL P F                 
mens, mentis  N (3rd) F   [XXXAX]  
mind; reason, intellect, judgment; plan, intention, frame of mind; courage;

